<?xml version="1.0" encoding="UTF-8"?>
<!-- Generated by org.testng.reporters.JUnitXMLReporter -->
<testsuite ignored="0" hostname="DESKTOP-02HTNM8" failures="0" tests="3" name="Register Demo Test Case" time="14.387" errors="0" timestamp="2023-03-03T12:39:49 IST">
  <testcase classname="com.telus.registerdemo.RegisterDemo" name="navigateToRegisterDemoPage" time="1.268"/>
  <testcase classname="com.telus.registerdemo.RegisterDemo" name="registerDemo" time="3.264"/>
  <testcase classname="com.telus.registerdemo.RegisterDemo" name="validateSuccessfulMessage" time="0.047"/>
</testsuite> <!-- Register Demo Test Case -->
