<?xml version="1.0" encoding="UTF-8"?>
<testng-results ignored="0" total="3" passed="3" failed="0" skipped="0">
  <reporter-output>
  </reporter-output>
  <suite started-at="2023-03-03T12:39:35 IST" name="Automation Suite" finished-at="2023-03-03T12:39:49 IST" duration-ms="14387">
    <groups>
    </groups>
    <test started-at="2023-03-03T12:39:35 IST" name="Register Demo Test Case" finished-at="2023-03-03T12:39:49 IST" duration-ms="14387">
      <class name="com.telus.registerdemo.RegisterDemo">
        <test-method is-config="true" signature="launchApplication()[pri:0, instance:com.telus.registerdemo.RegisterDemo@21e360a]" started-at="2023-03-03T12:39:35 IST" name="launchApplication" finished-at="2023-03-03T12:39:44 IST" duration-ms="9622" status="PASS">
          <reporter-output>
          </reporter-output>
        </test-method> <!-- launchApplication -->
        <test-method signature="navigateToRegisterDemoPage()[pri:1, instance:com.telus.registerdemo.RegisterDemo@21e360a]" started-at="2023-03-03T12:39:44 IST" name="navigateToRegisterDemoPage" finished-at="2023-03-03T12:39:45 IST" duration-ms="1268" status="PASS">
          <reporter-output>
          </reporter-output>
        </test-method> <!-- navigateToRegisterDemoPage -->
        <test-method signature="registerDemo()[pri:2, instance:com.telus.registerdemo.RegisterDemo@21e360a]" started-at="2023-03-03T12:39:45 IST" name="registerDemo" finished-at="2023-03-03T12:39:49 IST" duration-ms="3264" status="PASS">
          <reporter-output>
          </reporter-output>
        </test-method> <!-- registerDemo -->
        <test-method signature="validateSuccessfulMessage()[pri:3, instance:com.telus.registerdemo.RegisterDemo@21e360a]" started-at="2023-03-03T12:39:49 IST" name="validateSuccessfulMessage" finished-at="2023-03-03T12:39:49 IST" duration-ms="47" status="PASS">
          <reporter-output>
          </reporter-output>
        </test-method> <!-- validateSuccessfulMessage -->
        <test-method is-config="true" signature="closeApplication()[pri:0, instance:com.telus.registerdemo.RegisterDemo@21e360a]" started-at="2023-03-03T12:39:49 IST" name="closeApplication" finished-at="2023-03-03T12:39:49 IST" duration-ms="135" status="PASS">
          <reporter-output>
          </reporter-output>
        </test-method> <!-- closeApplication -->
      </class> <!-- com.telus.registerdemo.RegisterDemo -->
    </test> <!-- Register Demo Test Case -->
  </suite> <!-- Automation Suite -->
</testng-results>
